Using pre-set license
Built from '2021.1/staging' branch; Version is '2021.1.18f1 (25bdc3efbc2d) revision 2473411'; Using compiler version '192528614'; Build Type 'Release'
OS: 'Windows 10 Home; OS build 19042.1165; Version 2009; 64bit' Language: 'zh' Physical Memory: 16255 MB
BatchMode: 1, IsHumanControllingUs: 0, StartBugReporterOnCrash: 0, Is64bit: 1, IsPro: 0

COMMAND LINE ARGUMENTS:
C:\Program Files\Unity\Hub\Editor\2021.1.18f1\Editor\Unity.exe
-adb2
-batchMode
-noUpm
-name
AssetImportWorker0
-projectPath
C:/Users/zhang/EpicKitchen
-logFile
Logs/AssetImportWorker0.log
-srvPort
65463
Successfully changed project path to: C:/Users/zhang/EpicKitchen
C:/Users/zhang/EpicKitchen
Using Asset Import Pipeline V2.
Refreshing native plugins compatible for Editor in 38.19 ms, found 2 plugins.
Preloading 0 native plugins for Editor in 0.00 ms.
Initialize engine version: 2021.1.18f1 (25bdc3efbc2d)
[Subsystems] Discovering subsystems at path C:/Program Files/Unity/Hub/Editor/2021.1.18f1/Editor/Data/Resources/UnitySubsystems
[Subsystems] Discovering subsystems at path C:/Users/zhang/EpicKitchen/Assets
GfxDevice: creating device client; threaded=0; jobified=0
Direct3D:
    Version:  Direct3D 11.0 [level 11.1]
    Renderer: NVIDIA GeForce GTX 1060 (ID=0x1c20)
    Vendor:   NVIDIA
    VRAM:     6052 MB
    Driver:   27.21.14.5687
Initialize mono
Mono path[0] = 'C:/Program Files/Unity/Hub/Editor/2021.1.18f1/Editor/Data/Managed'
Mono path[1] = 'C:/Program Files/Unity/Hub/Editor/2021.1.18f1/Editor/Data/MonoBleedingEdge/lib/mono/unityjit'
Mono config path = 'C:/Program Files/Unity/Hub/Editor/2021.1.18f1/Editor/Data/MonoBleedingEdge/etc'
Using monoOptions --debugger-agent=transport=dt_socket,embedding=1,server=y,suspend=n,address=127.0.0.1:56892
Begin MonoManager ReloadAssembly
Registering precompiled unity dll's ...
Register platform support module: C:/Program Files/Unity/Hub/Editor/2021.1.18f1/Editor/Data/PlaybackEngines/WindowsStandaloneSupport/UnityEditor.WindowsStandalone.Extensions.dll
Registered in 0.002281 seconds.
Native extension for WindowsStandalone target not found
Refreshing native plugins compatible for Editor in 34.62 ms, found 2 plugins.
Preloading 0 native plugins for Editor in 0.00 ms.
Mono: successfully reloaded assembly
- Completed reload, in  1.373 seconds
Domain Reload Profiling:
	ReloadAssembly (1374ms)
		BeginReloadAssembly (82ms)
			ExecutionOrderSort (0ms)
			DisableScriptedObjects (0ms)
			BackupInstance (0ms)
			ReleaseScriptingObjects (0ms)
			CreateAndSetChildDomain (1ms)
		EndReloadAssembly (508ms)
			LoadAssemblies (79ms)
			RebuildTransferFunctionScriptingTraits (0ms)
			SetupTypeCache (212ms)
			ReleaseScriptCaches (0ms)
			RebuildScriptCaches (38ms)
			SetupLoadedEditorAssemblies (201ms)
				LogAssemblyErrors (0ms)
				InitializePlatformSupportModulesInManaged (7ms)
				SetLoadedEditorAssemblies (0ms)
				RefreshPlugins (35ms)
				BeforeProcessingInitializeOnLoad (2ms)
				ProcessInitializeOnLoadAttributes (121ms)
				ProcessInitializeOnLoadMethodAttributes (36ms)
				AfterProcessingInitializeOnLoad (0ms)
				EditorAssembliesLoaded (0ms)
			ExecutionOrderSort2 (0ms)
			AwakeInstancesAfterBackupRestoration (0ms)
Platform modules already initialized, skipping
Registering precompiled user dll's ...
Registered in 0.004913 seconds.
Begin MonoManager ReloadAssembly
Native extension for WindowsStandalone target not found
Refreshing native plugins compatible for Editor in 0.31 ms, found 2 plugins.
Preloading 0 native plugins for Editor in 0.00 ms.
Mono: successfully reloaded assembly
- Completed reload, in  1.350 seconds
Domain Reload Profiling:
	ReloadAssembly (1350ms)
		BeginReloadAssembly (200ms)
			ExecutionOrderSort (0ms)
			DisableScriptedObjects (5ms)
			BackupInstance (0ms)
			ReleaseScriptingObjects (0ms)
			CreateAndSetChildDomain (24ms)
		EndReloadAssembly (1076ms)
			LoadAssemblies (125ms)
			RebuildTransferFunctionScriptingTraits (0ms)
			SetupTypeCache (362ms)
			ReleaseScriptCaches (0ms)
			RebuildScriptCaches (49ms)
			SetupLoadedEditorAssemblies (435ms)
				LogAssemblyErrors (0ms)
				InitializePlatformSupportModulesInManaged (7ms)
				SetLoadedEditorAssemblies (0ms)
				RefreshPlugins (0ms)
				BeforeProcessingInitializeOnLoad (57ms)
				ProcessInitializeOnLoadAttributes (356ms)
				ProcessInitializeOnLoadMethodAttributes (6ms)
				AfterProcessingInitializeOnLoad (8ms)
				EditorAssembliesLoaded (0ms)
			ExecutionOrderSort2 (0ms)
			AwakeInstancesAfterBackupRestoration (9ms)
Platform modules already initialized, skipping
========================================================================
Worker process is ready to serve import requests
Launched and connected shader compiler UnityShaderCompiler.exe after 0.09 seconds
Refreshing native plugins compatible for Editor in 0.35 ms, found 2 plugins.
Preloading 0 native plugins for Editor in 0.00 ms.
Unloading 1408 Unused Serialized files (Serialized files now loaded: 0)
System memory in use before: 68.6 MB.
System memory in use after: 68.6 MB.

Unloading 18 unused Assets to reduce memory usage. Loaded Objects now: 1856.
Total: 3.949400 ms (FindLiveObjects: 0.209500 ms CreateObjectMapping: 0.059200 ms MarkObjects: 3.558100 ms  DeleteObjects: 0.121500 ms)

AssetImportParameters requested are different than current active one (requested -> active):
  custom:framework-win-MediaFoundation: 216162199b28c13a410421893ffa2e32 -> 
  custom:video-decoder-ogg-theora: a1e56fd34408186e4bbccfd4996cb3dc -> 
  custom:container-muxer-webm: aa71ff27fc2769a1b78a27578f13a17b -> 
  custom:container-demuxer-webm: 4f35f7cbe854078d1ac9338744f61a02 -> 
  custom:container-demuxer-ogg: 62fdf1f143b41e24485cea50d1cbac27 -> 
  custom:video-encoder-webm-vp8: eb34c28f22e8b96e1ab97ce403110664 -> 
  custom:video-codec-MediaFoundation-h265: 746d11721c4dcdbdad8f713fa42b33f4 -> 
  custom:video-decoder-webm-vp8: 9c59270c3fd7afecdb556c50c9e8de78 -> 
  custom:audio-decoder-ogg-vorbis: bf7c407c2cedff20999df2af8eb42d56 -> 
  custom:audio-encoder-webm-vorbis: bf7c407c2cedff20999df2af8eb42d56 -> 
========================================================================
Received Import Request.
  path: Assets/Scenes/SampleScene.unity
  artifactKey: Guid(9fc0d4010bbf28b4594072e72b8655ab) Importer(815301076,1909f56bfc062723c751e8b465ee728b)
Start importing Assets/Scenes/SampleScene.unity using Guid(9fc0d4010bbf28b4594072e72b8655ab) Importer(815301076,1909f56bfc062723c751e8b465ee728b)  -> (artifact id: '1ecdbf14e962288919856098e09f4711') in 0.020227 seconds 
========================================================================
Received Import Request.
  Time since last request: 2.414624 seconds.
  path: Assets/Scenes/CombinedKitchen.unity
  artifactKey: Guid(8a0378deace58ae4285d697b13a98c80) Importer(815301076,1909f56bfc062723c751e8b465ee728b)
Start importing Assets/Scenes/CombinedKitchen.unity using Guid(8a0378deace58ae4285d697b13a98c80) Importer(815301076,1909f56bfc062723c751e8b465ee728b)  -> (artifact id: 'c1232a3af7a7d5f056190189e8ccaa27') in 0.010364 seconds 
========================================================================
Received Import Request.
  Time since last request: 30.943370 seconds.
  path: Assets/TheKitchen.fbx
  artifactKey: Guid(258b86b0faa0ab141824ec1e42c36802) Importer(815301076,1909f56bfc062723c751e8b465ee728b)
Start importing Assets/TheKitchen.fbx using Guid(258b86b0faa0ab141824ec1e42c36802) Importer(815301076,1909f56bfc062723c751e8b465ee728b)  -> (artifact id: '14022d998f4a61bc21fa989ea2c4f5e2') in 1.091629 seconds 
========================================================================
Received Import Request.
  Time since last request: 125.192709 seconds.
  path: Assets/Coffee_Maker.FBX
  artifactKey: Guid(f569b496fc3ef6341ba4dbf23f6c02a8) Importer(815301076,1909f56bfc062723c751e8b465ee728b)
Start importing Assets/Coffee_Maker.FBX using Guid(f569b496fc3ef6341ba4dbf23f6c02a8) Importer(815301076,1909f56bfc062723c751e8b465ee728b)  -> (artifact id: 'f74a991064cd3d9d3957da1a4ef829b7') in 0.036533 seconds 
========================================================================
Received Import Request.
  Time since last request: 0.000375 seconds.
  path: Assets/Coffee_Maker_Normal.png
  artifactKey: Guid(ed46a7c842120994493963d9409b3ea0) Importer(815301076,1909f56bfc062723c751e8b465ee728b)
Start importing Assets/Coffee_Maker_Normal.png using Guid(ed46a7c842120994493963d9409b3ea0) Importer(815301076,1909f56bfc062723c751e8b465ee728b)  -> (artifact id: '5a0fecdf6e0ff9f96a4c2306eb88e573') in 0.043246 seconds 
========================================================================
Received Import Request.
  Time since last request: 0.000345 seconds.
  path: Assets/Coffee_Maker_Glossiness.png
  artifactKey: Guid(f990d389892b38c468d6494bc9af8e30) Importer(815301076,1909f56bfc062723c751e8b465ee728b)
Start importing Assets/Coffee_Maker_Glossiness.png using Guid(f990d389892b38c468d6494bc9af8e30) Importer(815301076,1909f56bfc062723c751e8b465ee728b)  -> (artifact id: 'a846adf2eda249e0843f65138873a041') in 0.017713 seconds 
========================================================================
Received Import Request.
  Time since last request: 0.000463 seconds.
  path: Assets/Coffee_Maker_Specular.png
  artifactKey: Guid(16be558279302c34b827a86776fa3d8b) Importer(815301076,1909f56bfc062723c751e8b465ee728b)
Start importing Assets/Coffee_Maker_Specular.png using Guid(16be558279302c34b827a86776fa3d8b) Importer(815301076,1909f56bfc062723c751e8b465ee728b)  -> (artifact id: 'b7b6b5943461f7ddef0ca7cd1173a930') in 0.015848 seconds 
========================================================================
Received Import Request.
  Time since last request: 0.000337 seconds.
  path: Assets/Coffee_Maker_Diffuse.png
  artifactKey: Guid(4151f2ca4fd66c7429e47cf3a47ebf88) Importer(815301076,1909f56bfc062723c751e8b465ee728b)
Start importing Assets/Coffee_Maker_Diffuse.png using Guid(4151f2ca4fd66c7429e47cf3a47ebf88) Importer(815301076,1909f56bfc062723c751e8b465ee728b)  -> (artifact id: '7d289b11b2e4259add732c234b29d596') in 0.017900 seconds 
========================================================================
Received Import Request.
  Time since last request: 540.867960 seconds.
  path: Assets/TheKitchen.fbx
  artifactKey: Guid(258b86b0faa0ab141824ec1e42c36802) Importer(815301076,1909f56bfc062723c751e8b465ee728b)
Start importing Assets/TheKitchen.fbx using Guid(258b86b0faa0ab141824ec1e42c36802) Importer(815301076,1909f56bfc062723c751e8b465ee728b)  -> (artifact id: '3364dbe468848770e7254a4e9e742db1') in 0.693495 seconds 
AssetImportWorkerClient::OnTransportError - code=2 error=End of file
